  [1m[35m (89.7ms)[0m  [1m[35mCREATE TABLE `schema_migrations` (`version` varchar(255) PRIMARY KEY) ENGINE=InnoDB[0m
  [1m[35m (11.2ms)[0m  [1m[35mCREATE TABLE `ar_internal_metadata` (`key` varchar(255) PRIMARY KEY, `value` varchar(255), `created_at` datetime NOT NULL, `updated_at` datetime NOT NULL) ENGINE=InnoDB[0m
  [1m[35m (3.8ms)[0m  [1m[34mSELECT DATABASE() as db[0m
  [1m[35m (1.1ms)[0m  [1m[34mSELECT GET_LOCK('2750095915834731975', 0);[0m
  [1m[36mActiveRecord::SchemaMigration Load (9.6ms)[0m  [1m[34mSELECT `schema_migrations`.* FROM `schema_migrations`[0m
Migrating to DeviseCreatePatrons (20160907090659)
  [1m[35m (14.7ms)[0m  [1m[35mCREATE TABLE `patrons` (`id` int AUTO_INCREMENT PRIMARY KEY, `email` varchar(255) DEFAULT '' NOT NULL, `encrypted_password` varchar(255) DEFAULT '' NOT NULL, `reset_password_token` varchar(255), `reset_password_sent_at` datetime, `remember_created_at` datetime, `sign_in_count` int DEFAULT 0 NOT NULL, `current_sign_in_at` datetime, `last_sign_in_at` datetime, `current_sign_in_ip` varchar(255), `last_sign_in_ip` varchar(255), `confirmation_token` varchar(255), `confirmed_at` datetime, `confirmation_sent_at` datetime, `unconfirmed_email` varchar(255), `created_at` datetime NOT NULL, `updated_at` datetime NOT NULL, `type` varchar(255)) ENGINE=InnoDB[0m
  [1m[35m (30.6ms)[0m  [1m[35mCREATE UNIQUE INDEX `index_patrons_on_email`  ON `patrons` (`email`) [0m
  [1m[35m (15.7ms)[0m  [1m[35mCREATE UNIQUE INDEX `index_patrons_on_reset_password_token`  ON `patrons` (`reset_password_token`) [0m
  [1m[35m (14.1ms)[0m  [1m[35mCREATE UNIQUE INDEX `index_patrons_on_confirmation_token`  ON `patrons` (`confirmation_token`) [0m
  [1m[35m (0.6ms)[0m  [1m[35mBEGIN[0m
  [1m[35mSQL (1.3ms)[0m  [1m[32mINSERT INTO `schema_migrations` (`version`) VALUES ('20160907090659')[0m
  [1m[35m (0.5ms)[0m  [1m[35mCOMMIT[0m
Migrating to DeviseInvitableAddToUsers (20160912155819)
DEPRECATION WARNING: Directly inheriting from ActiveRecord::Migration is deprecated. Please specify the Rails release the migration was written for:

  class DeviseInvitableAddToUsers < ActiveRecord::Migration[4.2] (called from require at /Users/michaelrobinson/dev/workspace/simple-login/bin/rails:9)
  [1m[35m (26.6ms)[0m  [1m[35mALTER TABLE `patrons` ADD `invitation_token` varchar(255)[0m
  [1m[35m (32.0ms)[0m  [1m[35mALTER TABLE `patrons` ADD `invitation_created_at` datetime[0m
  [1m[35m (11.9ms)[0m  [1m[35mALTER TABLE `patrons` ADD `invitation_sent_at` datetime[0m
  [1m[35m (20.5ms)[0m  [1m[35mALTER TABLE `patrons` ADD `invitation_accepted_at` datetime[0m
  [1m[35m (15.4ms)[0m  [1m[35mALTER TABLE `patrons` ADD `invitation_limit` int[0m
  [1m[35m (17.0ms)[0m  [1m[35mALTER TABLE `patrons` ADD `invited_by_type` varchar(255)[0m
  [1m[35m (15.9ms)[0m  [1m[35mALTER TABLE `patrons` ADD `invited_by_id` int[0m
  [1m[35m (18.6ms)[0m  [1m[35mALTER TABLE `patrons` ADD `invitations_count` int DEFAULT 0[0m
  [1m[35m (9.4ms)[0m  [1m[35mCREATE  INDEX `index_patrons_on_invitations_count`  ON `patrons` (`invitations_count`) [0m
  [1m[35m (13.5ms)[0m  [1m[35mCREATE UNIQUE INDEX `index_patrons_on_invitation_token`  ON `patrons` (`invitation_token`) [0m
  [1m[35m (13.4ms)[0m  [1m[35mCREATE  INDEX `index_patrons_on_invited_by_id`  ON `patrons` (`invited_by_id`) [0m
  [1m[35m (0.2ms)[0m  [1m[35mBEGIN[0m
  [1m[35mSQL (0.3ms)[0m  [1m[32mINSERT INTO `schema_migrations` (`version`) VALUES ('20160912155819')[0m
  [1m[35m (0.5ms)[0m  [1m[35mCOMMIT[0m
  [1m[36mActiveRecord::InternalMetadata Load (1.6ms)[0m  [1m[34mSELECT  `ar_internal_metadata`.* FROM `ar_internal_metadata` WHERE `ar_internal_metadata`.`key` = 'environment' LIMIT 1[0m
  [1m[35m (0.2ms)[0m  [1m[35mBEGIN[0m
  [1m[35mSQL (1.6ms)[0m  [1m[32mINSERT INTO `ar_internal_metadata` (`key`, `value`, `created_at`, `updated_at`) VALUES ('environment', 'development', '2017-03-08 02:59:33', '2017-03-08 02:59:33')[0m
  [1m[35m (0.5ms)[0m  [1m[35mCOMMIT[0m
  [1m[35m (0.5ms)[0m  [1m[34mSELECT RELEASE_LOCK('2750095915834731975')[0m
  [1m[36mActiveRecord::SchemaMigration Load (0.2ms)[0m  [1m[34mSELECT `schema_migrations`.* FROM `schema_migrations`[0m
  [1m[35m (0.2ms)[0m  [1m[35mSHOW CREATE TABLE `patrons`[0m
  [1m[35m (0.9ms)[0m  [1m[35mSHOW TABLE STATUS LIKE 'patrons'[0m
  [1m[35m (0.8ms)[0m  [1m[34mSELECT fk.referenced_table_name as 'to_table'
      ,fk.referenced_column_name as 'primary_key'
      ,fk.column_name as 'column'
      ,fk.constraint_name as 'name'
FROM information_schema.key_column_usage fk
WHERE fk.referenced_column_name is not null
  AND fk.table_schema = 'skeleton_development'
  AND fk.table_name = 'patrons'
[0m
  [1m[36mActiveRecord::SchemaMigration Load (0.2ms)[0m  [1m[34mSELECT `schema_migrations`.* FROM `schema_migrations`[0m
  [1m[35m (0.3ms)[0m  [1m[35mBEGIN[0m
  [1m[36mPatron Exists (3.7ms)[0m  [1m[34mSELECT  1 AS one FROM `patrons` WHERE `patrons`.`email` = BINARY 'admin@example.com' LIMIT 1[0m
  [1m[35mSQL (0.4ms)[0m  [1m[32mINSERT INTO `patrons` (`email`, `encrypted_password`, `created_at`, `updated_at`, `type`) VALUES ('admin@example.com', '$2a$11$IiaViiUFYfq36XzhOf8f8e/pi/jwjv7MlRxyohAUS3Ip3gRcMne3S', '2017-03-08 02:59:33', '2017-03-08 02:59:33', 'Admin')[0m
  [1m[35m (0.6ms)[0m  [1m[35mCOMMIT[0m
  [1m[36mAdmin Load (0.4ms)[0m  [1m[34mSELECT `patrons`.* FROM `patrons` WHERE `patrons`.`type` IN ('Admin')[0m
Started GET "/" for ::1 at 2017-03-08 12:00:19 +0900
  [1m[36mActiveRecord::SchemaMigration Load (0.8ms)[0m  [1m[34mSELECT `schema_migrations`.* FROM `schema_migrations`[0m
Processing by HomeController#index as HTML
Completed 401 Unauthorized in 22ms (ActiveRecord: 0.0ms)


Started GET "/users/sign_in" for ::1 at 2017-03-08 12:00:19 +0900
Processing by Devise::SessionsController#new as HTML
  Rendering devise/sessions/new.html.erb within layouts/application
  Rendered devise/shared/_links.html.erb (2.5ms)
  Rendered devise/sessions/new.html.erb within layouts/application (60.4ms)
  Rendered shared/_flash.html.erb (0.7ms)
Completed 200 OK in 9903ms (Views: 9822.9ms | ActiveRecord: 2.7ms)


Started GET "/users/sign_up" for ::1 at 2017-03-08 12:00:43 +0900
Processing by DeviseInvitable::RegistrationsController#new as HTML
  Rendering devise/registrations/new.html.erb within layouts/application
  Rendered devise/shared/_links.html.erb (5.6ms)
  Rendered devise/registrations/new.html.erb within layouts/application (45.9ms)
Completed 200 OK in 566ms (Views: 545.1ms | ActiveRecord: 0.0ms)


Started POST "/users" for ::1 at 2017-03-08 12:00:54 +0900
Processing by DeviseInvitable::RegistrationsController#create as HTML
  Parameters: {"utf8"=>"✓", "authenticity_token"=>"aynIzhBVMqUOcyeMY3uoklskz2sZjWaiZINpXzPzkxrKPtSeXLWLCqH6ILMRoX327RUTYpbhg+jvYXdZUUfxVw==", "user"=>{"email"=>"seraph890@gmail.com", "password"=>"[FILTERED]", "password_confirmation"=>"[FILTERED]"}, "commit"=>"Sign up"}
  [1m[36mUser Load (3.8ms)[0m  [1m[34mSELECT  `patrons`.* FROM `patrons` WHERE `patrons`.`type` IN ('User') AND `patrons`.`email` = 'seraph890@gmail.com' ORDER BY `patrons`.`id` ASC LIMIT 1[0m
  [1m[35m (0.3ms)[0m  [1m[35mBEGIN[0m
  [1m[36mPatron Exists (1.4ms)[0m  [1m[34mSELECT  1 AS one FROM `patrons` WHERE `patrons`.`email` = BINARY 'seraph890@gmail.com' LIMIT 1[0m
  [1m[35mSQL (0.8ms)[0m  [1m[32mINSERT INTO `patrons` (`email`, `encrypted_password`, `confirmation_token`, `confirmation_sent_at`, `created_at`, `updated_at`, `type`) VALUES ('seraph890@gmail.com', '$2a$11$jwBcic91ON7mZImIDbZS8uoRIYXa.zYctqHMaHW7NKnSsZ4snXvwK', 'CjzruHd-YZs6yi-Sixam', '2017-03-08 03:00:54', '2017-03-08 03:00:54', '2017-03-08 03:00:54', 'User')[0m
  [1m[35m (0.4ms)[0m  [1m[35mCOMMIT[0m
  Rendering devise/mailer/confirmation_instructions.html.erb
  Rendered devise/mailer/confirmation_instructions.html.erb (1.8ms)
Devise::Mailer#confirmation_instructions: processed outbound mail in 282.0ms
Sent mail to seraph890@gmail.com (19.3ms)
Date: Wed, 08 Mar 2017 12:00:55 +0900
From: sachin238@gmail.com
Reply-To: sachin238@gmail.com
To: seraph890@gmail.com
Message-ID: <58bf73e738a08_52fd3ff3ffe0f87017986@Michaels-MacBook-Pro.local.mail>
Subject: Confirmation instructions
Mime-Version: 1.0
Content-Type: text/html;
 charset=UTF-8
Content-Transfer-Encoding: 7bit

<p>Welcome seraph890@gmail.com!</p>

<p>You can confirm your account email through the link below:</p>

<p><a href="http://localhost:3000/users/confirmation?confirmation_token=CjzruHd-YZs6yi-Sixam">Confirm my account</a></p>

Redirected to http://localhost:3000/
Completed 302 Found in 605ms (ActiveRecord: 6.7ms)


Started GET "/" for ::1 at 2017-03-08 12:00:55 +0900
Processing by HomeController#index as HTML
Completed 401 Unauthorized in 1ms (ActiveRecord: 0.0ms)


Started GET "/users/sign_in" for ::1 at 2017-03-08 12:00:55 +0900
Processing by Devise::SessionsController#new as HTML
  Rendering devise/sessions/new.html.erb within layouts/application
  Rendered devise/shared/_links.html.erb (1.8ms)
  Rendered devise/sessions/new.html.erb within layouts/application (12.7ms)
  Rendered shared/_flash.html.erb (1.6ms)
Completed 200 OK in 286ms (Views: 253.5ms | ActiveRecord: 0.0ms)


Started GET "/users/confirmation?confirmation_token=CjzruHd-YZs6yi-Sixam" for ::1 at 2017-03-08 12:01:07 +0900
Processing by Devise::ConfirmationsController#show as HTML
  Parameters: {"confirmation_token"=>"CjzruHd-YZs6yi-Sixam"}
  [1m[36mUser Load (1.8ms)[0m  [1m[34mSELECT  `patrons`.* FROM `patrons` WHERE `patrons`.`type` IN ('User') AND `patrons`.`confirmation_token` = 'CjzruHd-YZs6yi-Sixam' ORDER BY `patrons`.`id` ASC LIMIT 1[0m
  [1m[35m (0.2ms)[0m  [1m[35mBEGIN[0m
  [1m[35mSQL (5.2ms)[0m  [1m[33mUPDATE `patrons` SET `confirmed_at` = '2017-03-08 03:01:07', `updated_at` = '2017-03-08 03:01:07' WHERE `patrons`.`id` = 2[0m
  [1m[35m (0.4ms)[0m  [1m[35mCOMMIT[0m
Redirected to http://localhost:3000/users/sign_in
Completed 302 Found in 20ms (ActiveRecord: 7.6ms)


Started GET "/users/sign_in" for ::1 at 2017-03-08 12:01:07 +0900
Processing by Devise::SessionsController#new as HTML
  Rendering devise/sessions/new.html.erb within layouts/application
  Rendered devise/shared/_links.html.erb (1.3ms)
  Rendered devise/sessions/new.html.erb within layouts/application (10.1ms)
  Rendered shared/_flash.html.erb (0.8ms)
Completed 200 OK in 140ms (Views: 138.8ms | ActiveRecord: 0.0ms)


Started POST "/users/sign_in" for ::1 at 2017-03-08 12:01:15 +0900
Processing by Devise::SessionsController#create as HTML
  Parameters: {"utf8"=>"✓", "authenticity_token"=>"oN5mYuBTUJggsoV0hewbtP5XpkiB+6hzZOrXAYhzcFYByXoyrLPpN487gkv3Ns7QSGZ6QQ6XTTnvCMkH6scSGw==", "user"=>{"email"=>"seraph890@gmail.com", "password"=>"[FILTERED]", "remember_me"=>"0"}, "commit"=>"Sign in"}
  [1m[36mUser Load (1.6ms)[0m  [1m[34mSELECT  `patrons`.* FROM `patrons` WHERE `patrons`.`type` IN ('User') AND `patrons`.`email` = 'seraph890@gmail.com' ORDER BY `patrons`.`id` ASC LIMIT 1[0m
Completed 401 Unauthorized in 168ms (ActiveRecord: 1.6ms)


Processing by Devise::SessionsController#new as HTML
  Parameters: {"utf8"=>"✓", "authenticity_token"=>"oN5mYuBTUJggsoV0hewbtP5XpkiB+6hzZOrXAYhzcFYByXoyrLPpN487gkv3Ns7QSGZ6QQ6XTTnvCMkH6scSGw==", "user"=>{"email"=>"seraph890@gmail.com", "password"=>"[FILTERED]", "remember_me"=>"0"}, "commit"=>"Sign in"}
  Rendering devise/sessions/new.html.erb within layouts/application
  Rendered devise/shared/_links.html.erb (1.1ms)
  Rendered devise/sessions/new.html.erb within layouts/application (6.0ms)
  Rendered shared/_flash.html.erb (0.6ms)
Completed 200 OK in 315ms (Views: 138.9ms | ActiveRecord: 0.0ms)


Started POST "/users/sign_in" for ::1 at 2017-03-08 12:01:22 +0900
Processing by Devise::SessionsController#create as HTML
  Parameters: {"utf8"=>"✓", "authenticity_token"=>"Y1GvTVfTx6fUdd4olxh8UYMZct18yjkYOs1D9Iln2tPCRrMdGzN+CHv82Rflwqk1NSiu1POm3FKxL13y69O4ng==", "user"=>{"email"=>"seraph890@gmail.com", "password"=>"[FILTERED]", "remember_me"=>"0"}, "commit"=>"Sign in"}
  [1m[36mUser Load (0.8ms)[0m  [1m[34mSELECT  `patrons`.* FROM `patrons` WHERE `patrons`.`type` IN ('User') AND `patrons`.`email` = 'seraph890@gmail.com' ORDER BY `patrons`.`id` ASC LIMIT 1[0m
  [1m[35m (0.3ms)[0m  [1m[35mBEGIN[0m
  [1m[35mSQL (0.8ms)[0m  [1m[33mUPDATE `patrons` SET `current_sign_in_at` = '2017-03-08 03:01:22', `last_sign_in_at` = '2017-03-08 03:01:22', `current_sign_in_ip` = '::1', `last_sign_in_ip` = '::1', `sign_in_count` = 1, `updated_at` = '2017-03-08 03:01:22' WHERE `patrons`.`id` = 2[0m
  [1m[35m (1.7ms)[0m  [1m[35mCOMMIT[0m
Redirected to http://localhost:3000/
Completed 302 Found in 206ms (ActiveRecord: 3.6ms)


Started GET "/" for ::1 at 2017-03-08 12:01:22 +0900
Processing by HomeController#index as HTML
  [1m[36mUser Load (0.8ms)[0m  [1m[34mSELECT  `patrons`.* FROM `patrons` WHERE `patrons`.`type` IN ('User') AND `patrons`.`id` = 2 ORDER BY `patrons`.`id` ASC LIMIT 1[0m
  Rendering home/index.html.erb within layouts/application
  Rendered home/index.html.erb within layouts/application (1.1ms)
  Rendered shared/_flash.html.erb (0.5ms)
Completed 200 OK in 140ms (Views: 131.7ms | ActiveRecord: 0.8ms)


Started GET "/users/edit.2" for ::1 at 2017-03-08 12:01:26 +0900
Processing by DeviseInvitable::RegistrationsController#edit as 
  [1m[36mUser Load (0.5ms)[0m  [1m[34mSELECT  `patrons`.* FROM `patrons` WHERE `patrons`.`type` IN ('User') AND `patrons`.`id` = 2 ORDER BY `patrons`.`id` ASC LIMIT 1[0m
  Rendering devise/registrations/edit.html.erb within layouts/application
  Rendered devise/registrations/edit.html.erb within layouts/application (4.6ms)
Completed 200 OK in 252ms (Views: 248.7ms | ActiveRecord: 0.5ms)


Started GET "/" for ::1 at 2017-03-08 12:01:32 +0900
Processing by HomeController#index as HTML
  [1m[36mUser Load (0.5ms)[0m  [1m[34mSELECT  `patrons`.* FROM `patrons` WHERE `patrons`.`type` IN ('User') AND `patrons`.`id` = 2 ORDER BY `patrons`.`id` ASC LIMIT 1[0m
  Rendering home/index.html.erb within layouts/application
  Rendered home/index.html.erb within layouts/application (1.0ms)
Completed 200 OK in 124ms (Views: 117.8ms | ActiveRecord: 0.5ms)


